<?xml version="1.0" encoding="UTF-8"?>
<!-- Generated by org.testng.reporters.JUnitReportReporter -->
<testsuite hostname="Maria" failures="0" tests="1" name="restassured_test.Post_api_test_2" time="1.882" errors="0" timestamp="2023-11-01T13:58:45 EDT" skipped="0">
  <testcase classname="restassured_test.Post_api_test_2" name="f" time="1.882"/>
</testsuite> <!-- restassured_test.Post_api_test_2 -->
