<?xml version="1.0" encoding="UTF-8"?>
<!-- Generated by org.testng.reporters.JUnitReportReporter -->
<testsuite hostname="Maria" failures="0" tests="1" name="restassured_test.Post_api_3" time="2.633" errors="0" timestamp="2023-11-01T21:48:52 EDT" skipped="0">
  <testcase classname="restassured_test.Post_api_3" name="f" time="2.633"/>
</testsuite> <!-- restassured_test.Post_api_3 -->
