<?xml version="1.0" encoding="UTF-8"?>
<!-- Generated by org.testng.reporters.JUnitReportReporter -->
<testsuite hostname="Maria" failures="0" tests="1" name="restassured_test.get_api_test_1" time="1.513" errors="0" timestamp="2023-11-01T19:16:34 EDT" skipped="0">
  <testcase classname="restassured_test.get_api_test_1" name="f" time="1.513"/>
</testsuite> <!-- restassured_test.get_api_test_1 -->
