<?xml version="1.0" encoding="UTF-8"?>
<!-- Generated by org.testng.reporters.JUnitReportReporter -->
<testsuite hostname="Maria" failures="0" tests="1" name="restassured_test.PutMethodTest" time="2.374" errors="0" timestamp="2023-11-01T18:34:43 EDT" skipped="0">
  <testcase classname="restassured_test.PutMethodTest" name="f" time="2.374"/>
</testsuite> <!-- restassured_test.PutMethodTest -->
