<?xml version="1.0" encoding="UTF-8"?>
<!-- Generated by org.testng.reporters.JUnitReportReporter -->
<testsuite hostname="Maria" failures="0" tests="1" name="restassured_test.post_api_teas_1" time="1.589" errors="0" timestamp="2023-11-01T18:42:50 EDT" skipped="0">
  <testcase classname="restassured_test.post_api_teas_1" name="f" time="1.589"/>
</testsuite> <!-- restassured_test.post_api_teas_1 -->
